[2022-06-20 15:32:35.045] [exthost] [info] Extension host with pid 2114 started
[2022-06-20 15:32:35.048] [exthost] [error] Error: EEXIST: file already exists, open '/home/ubuntu/.vscode-server/data/User/workspaceStorage/b6f8f3a17aa7916bce26c3895501547f/vscode.lock'
[2022-06-20 15:32:35.053] [exthost] [info] Lock '/home/ubuntu/.vscode-server/data/User/workspaceStorage/b6f8f3a17aa7916bce26c3895501547f/vscode.lock': Could not acquire lock, checking if the file is stale.
[2022-06-20 15:32:35.058] [exthost] [info] Lock '/home/ubuntu/.vscode-server/data/User/workspaceStorage/b6f8f3a17aa7916bce26c3895501547f/vscode.lock': The pid 2335 appears to be gone.
[2022-06-20 15:32:35.058] [exthost] [info] Lock '/home/ubuntu/.vscode-server/data/User/workspaceStorage/b6f8f3a17aa7916bce26c3895501547f/vscode.lock': Deleting a stale lock.
[2022-06-20 15:32:35.064] [exthost] [info] Lock '/home/ubuntu/.vscode-server/data/User/workspaceStorage/b6f8f3a17aa7916bce26c3895501547f/vscode.lock': Lock acquired.
[2022-06-20 15:32:36.267] [exthost] [info] ExtensionService#_doActivateExtension vscode.debug-auto-launch, startup: true, activationEvent: '*'
[2022-06-20 15:32:36.277] [exthost] [info] ExtensionService#_doActivateExtension vscode.git-base, startup: true, activationEvent: '*', root cause: vscode.git
[2022-06-20 15:32:36.286] [exthost] [info] ExtensionService#_doActivateExtension vscode.ipynb, startup: true, activationEvent: '*'
[2022-06-20 15:32:37.722] [exthost] [info] ExtensionService#_doActivateExtension vscode.git, startup: true, activationEvent: '*'
[2022-06-20 15:32:37.815] [exthost] [info] ExtensionService#_doActivateExtension vscode.github, startup: true, activationEvent: '*'
[2022-06-20 15:32:38.421] [exthost] [info] ExtensionService#_doActivateExtension vscode.emmet, startup: false, activationEvent: 'onStartupFinished'
[2022-06-20 15:32:38.445] [exthost] [info] ExtensionService#_doActivateExtension vscode.merge-conflict, startup: false, activationEvent: 'onStartupFinished'
[2022-06-20 15:32:38.451] [exthost] [info] Eager extensions activated
[2022-06-20 15:33:55.514] [exthost] [info] ExtensionService#_doActivateExtension vscode.php-language-features, startup: false, activationEvent: 'onLanguage:php'
[2022-06-20 16:11:07.016] [exthost] [warning] [Decorations] CAPPING events from decorations provider vscode.git 1823
[2022-06-20 16:11:10.258] [exthost] [warning] [Decorations] CAPPING events from decorations provider vscode.git 1823
[2022-06-20 16:11:15.340] [exthost] [warning] [Decorations] CAPPING events from decorations provider vscode.git 1823
[2022-06-20 16:11:20.419] [exthost] [warning] [Decorations] CAPPING events from decorations provider vscode.git 1823
[2022-06-20 16:11:25.503] [exthost] [warning] [Decorations] CAPPING events from decorations provider vscode.git 1823
[2022-06-20 16:11:30.597] [exthost] [warning] [Decorations] CAPPING events from decorations provider vscode.git 1823
[2022-06-20 16:11:35.671] [exthost] [warning] [Decorations] CAPPING events from decorations provider vscode.git 1823
[2022-06-20 16:11:40.743] [exthost] [warning] [Decorations] CAPPING events from decorations provider vscode.git 1823
[2022-06-20 16:11:45.832] [exthost] [warning] [Decorations] CAPPING events from decorations provider vscode.git 1823
[2022-06-20 16:11:50.922] [exthost] [warning] [Decorations] CAPPING events from decorations provider vscode.git 1823
[2022-06-20 16:11:56.013] [exthost] [warning] [Decorations] CAPPING events from decorations provider vscode.git 1823
[2022-06-20 16:12:01.103] [exthost] [warning] [Decorations] CAPPING events from decorations provider vscode.git 1824
[2022-06-20 16:12:06.207] [exthost] [warning] [Decorations] CAPPING events from decorations provider vscode.git 1825
[2022-06-20 16:12:11.286] [exthost] [warning] [Decorations] CAPPING events from decorations provider vscode.git 1825
[2022-06-20 16:12:16.366] [exthost] [warning] [Decorations] CAPPING events from decorations provider vscode.git 1825
[2022-06-20 16:12:21.436] [exthost] [warning] [Decorations] CAPPING events from decorations provider vscode.git 1825
[2022-06-20 16:12:26.516] [exthost] [warning] [Decorations] CAPPING events from decorations provider vscode.git 1825
[2022-06-20 16:12:31.588] [exthost] [warning] [Decorations] CAPPING events from decorations provider vscode.git 1825
[2022-06-20 16:12:36.666] [exthost] [warning] [Decorations] CAPPING events from decorations provider vscode.git 1825
[2022-06-20 16:12:41.738] [exthost] [warning] [Decorations] CAPPING events from decorations provider vscode.git 1825
[2022-06-20 16:12:46.836] [exthost] [warning] [Decorations] CAPPING events from decorations provider vscode.git 1825
[2022-06-20 16:12:51.911] [exthost] [warning] [Decorations] CAPPING events from decorations provider vscode.git 1825
[2022-06-20 16:12:56.987] [exthost] [warning] [Decorations] CAPPING events from decorations provider vscode.git 1825
[2022-06-20 16:13:02.061] [exthost] [warning] [Decorations] CAPPING events from decorations provider vscode.git 1825
[2022-06-20 16:13:07.137] [exthost] [warning] [Decorations] CAPPING events from decorations provider vscode.git 1825
[2022-06-20 16:13:12.213] [exthost] [warning] [Decorations] CAPPING events from decorations provider vscode.git 1825
[2022-06-20 16:13:17.306] [exthost] [warning] [Decorations] CAPPING events from decorations provider vscode.git 1825
[2022-06-20 16:13:22.395] [exthost] [warning] [Decorations] CAPPING events from decorations provider vscode.git 1825
[2022-06-20 16:13:27.467] [exthost] [warning] [Decorations] CAPPING events from decorations provider vscode.git 1825
[2022-06-20 16:13:32.556] [exthost] [warning] [Decorations] CAPPING events from decorations provider vscode.git 1825
[2022-06-20 16:13:37.641] [exthost] [warning] [Decorations] CAPPING events from decorations provider vscode.git 1825
[2022-06-20 16:13:42.715] [exthost] [warning] [Decorations] CAPPING events from decorations provider vscode.git 1825
[2022-06-20 16:13:47.785] [exthost] [warning] [Decorations] CAPPING events from decorations provider vscode.git 1825
[2022-06-20 16:13:52.858] [exthost] [warning] [Decorations] CAPPING events from decorations provider vscode.git 1825
[2022-06-20 16:14:34.674] [exthost] [warning] [Decorations] CAPPING events from decorations provider vscode.git 1825
[2022-06-20 16:14:39.743] [exthost] [warning] [Decorations] CAPPING events from decorations provider vscode.git 1825
[2022-06-20 16:14:44.839] [exthost] [warning] [Decorations] CAPPING events from decorations provider vscode.git 1825
[2022-06-20 16:14:49.917] [exthost] [warning] [Decorations] CAPPING events from decorations provider vscode.git 1825
[2022-06-20 16:14:54.990] [exthost] [warning] [Decorations] CAPPING events from decorations provider vscode.git 1825
[2022-06-20 16:15:00.074] [exthost] [warning] [Decorations] CAPPING events from decorations provider vscode.git 1825
[2022-06-20 16:15:05.154] [exthost] [warning] [Decorations] CAPPING events from decorations provider vscode.git 1825
[2022-06-20 16:15:10.228] [exthost] [warning] [Decorations] CAPPING events from decorations provider vscode.git 1825
[2022-06-20 16:15:15.307] [exthost] [warning] [Decorations] CAPPING events from decorations provider vscode.git 1825
[2022-06-20 16:15:20.379] [exthost] [warning] [Decorations] CAPPING events from decorations provider vscode.git 1825
[2022-06-20 16:15:25.454] [exthost] [warning] [Decorations] CAPPING events from decorations provider vscode.git 1825
[2022-06-20 16:15:30.525] [exthost] [warning] [Decorations] CAPPING events from decorations provider vscode.git 1825
[2022-06-20 16:15:35.619] [exthost] [warning] [Decorations] CAPPING events from decorations provider vscode.git 1825
[2022-06-20 16:15:40.713] [exthost] [warning] [Decorations] CAPPING events from decorations provider vscode.git 1825
[2022-06-20 16:15:45.788] [exthost] [warning] [Decorations] CAPPING events from decorations provider vscode.git 1825
[2022-06-20 16:15:50.859] [exthost] [warning] [Decorations] CAPPING events from decorations provider vscode.git 1825
[2022-06-20 16:15:55.933] [exthost] [warning] [Decorations] CAPPING events from decorations provider vscode.git 1825
[2022-06-20 16:16:01.008] [exthost] [warning] [Decorations] CAPPING events from decorations provider vscode.git 1825
[2022-06-20 16:16:06.112] [exthost] [warning] [Decorations] CAPPING events from decorations provider vscode.git 1825
[2022-06-20 16:16:11.200] [exthost] [warning] [Decorations] CAPPING events from decorations provider vscode.git 1825
[2022-06-20 16:16:16.278] [exthost] [warning] [Decorations] CAPPING events from decorations provider vscode.git 1825
[2022-06-20 16:16:21.351] [exthost] [warning] [Decorations] CAPPING events from decorations provider vscode.git 1825
[2022-06-20 16:16:26.447] [exthost] [warning] [Decorations] CAPPING events from decorations provider vscode.git 1825
[2022-06-20 16:16:31.537] [exthost] [warning] [Decorations] CAPPING events from decorations provider vscode.git 1825
[2022-06-20 16:16:36.613] [exthost] [warning] [Decorations] CAPPING events from decorations provider vscode.git 1825
[2022-06-20 16:16:41.685] [exthost] [warning] [Decorations] CAPPING events from decorations provider vscode.git 1825
[2022-06-20 16:16:46.759] [exthost] [warning] [Decorations] CAPPING events from decorations provider vscode.git 1825
[2022-06-20 16:16:51.846] [exthost] [warning] [Decorations] CAPPING events from decorations provider vscode.git 1825
[2022-06-20 16:16:56.939] [exthost] [warning] [Decorations] CAPPING events from decorations provider vscode.git 1825
[2022-06-20 16:17:02.015] [exthost] [warning] [Decorations] CAPPING events from decorations provider vscode.git 1825
[2022-06-20 16:17:07.086] [exthost] [warning] [Decorations] CAPPING events from decorations provider vscode.git 1825
[2022-06-20 16:17:12.161] [exthost] [warning] [Decorations] CAPPING events from decorations provider vscode.git 1825
[2022-06-20 16:17:17.251] [exthost] [warning] [Decorations] CAPPING events from decorations provider vscode.git 1825
[2022-06-20 16:17:22.345] [exthost] [warning] [Decorations] CAPPING events from decorations provider vscode.git 1825
[2022-06-20 16:17:27.418] [exthost] [warning] [Decorations] CAPPING events from decorations provider vscode.git 1825
[2022-06-20 16:17:32.489] [exthost] [warning] [Decorations] CAPPING events from decorations provider vscode.git 1827
[2022-06-20 16:17:37.564] [exthost] [warning] [Decorations] CAPPING events from decorations provider vscode.git 1827
[2022-06-20 16:17:42.635] [exthost] [warning] [Decorations] CAPPING events from decorations provider vscode.git 1827
[2022-06-20 16:17:47.729] [exthost] [warning] [Decorations] CAPPING events from decorations provider vscode.git 1827
[2022-06-20 16:17:52.823] [exthost] [warning] [Decorations] CAPPING events from decorations provider vscode.git 1827
[2022-06-20 16:17:57.897] [exthost] [warning] [Decorations] CAPPING events from decorations provider vscode.git 1827
[2022-06-20 16:18:02.990] [exthost] [warning] [Decorations] CAPPING events from decorations provider vscode.git 1827
[2022-06-20 16:18:08.087] [exthost] [warning] [Decorations] CAPPING events from decorations provider vscode.git 1827
[2022-06-20 16:18:13.161] [exthost] [warning] [Decorations] CAPPING events from decorations provider vscode.git 1827
[2022-06-20 16:18:18.255] [exthost] [warning] [Decorations] CAPPING events from decorations provider vscode.git 1827
[2022-06-20 16:18:23.343] [exthost] [warning] [Decorations] CAPPING events from decorations provider vscode.git 1827
[2022-06-20 16:18:28.448] [exthost] [warning] [Decorations] CAPPING events from decorations provider vscode.git 1827
[2022-06-20 16:18:33.521] [exthost] [warning] [Decorations] CAPPING events from decorations provider vscode.git 1827
[2022-06-20 16:18:38.624] [exthost] [warning] [Decorations] CAPPING events from decorations provider vscode.git 1827
[2022-06-20 16:18:43.707] [exthost] [warning] [Decorations] CAPPING events from decorations provider vscode.git 1827
[2022-06-20 16:18:48.783] [exthost] [warning] [Decorations] CAPPING events from decorations provider vscode.git 1827
[2022-06-20 16:18:53.893] [exthost] [warning] [Decorations] CAPPING events from decorations provider vscode.git 1827
[2022-06-20 16:18:58.970] [exthost] [warning] [Decorations] CAPPING events from decorations provider vscode.git 1827
[2022-06-20 16:19:04.044] [exthost] [warning] [Decorations] CAPPING events from decorations provider vscode.git 1827
[2022-06-20 16:19:09.142] [exthost] [warning] [Decorations] CAPPING events from decorations provider vscode.git 1827
[2022-06-20 16:19:14.228] [exthost] [warning] [Decorations] CAPPING events from decorations provider vscode.git 1827
[2022-06-20 16:19:19.303] [exthost] [warning] [Decorations] CAPPING events from decorations provider vscode.git 1827
[2022-06-20 16:19:24.375] [exthost] [warning] [Decorations] CAPPING events from decorations provider vscode.git 1827
[2022-06-20 16:19:29.472] [exthost] [warning] [Decorations] CAPPING events from decorations provider vscode.git 1827
[2022-06-20 16:19:34.558] [exthost] [warning] [Decorations] CAPPING events from decorations provider vscode.git 1827
[2022-06-20 16:19:39.635] [exthost] [warning] [Decorations] CAPPING events from decorations provider vscode.git 1826
[2022-06-20 16:19:44.707] [exthost] [warning] [Decorations] CAPPING events from decorations provider vscode.git 1826
[2022-06-20 16:19:49.779] [exthost] [warning] [Decorations] CAPPING events from decorations provider vscode.git 1826
[2022-06-20 16:19:54.849] [exthost] [warning] [Decorations] CAPPING events from decorations provider vscode.git 1826
[2022-06-20 16:19:59.953] [exthost] [warning] [Decorations] CAPPING events from decorations provider vscode.git 1826
[2022-06-20 16:20:05.036] [exthost] [warning] [Decorations] CAPPING events from decorations provider vscode.git 1826
[2022-06-20 16:20:10.115] [exthost] [warning] [Decorations] CAPPING events from decorations provider vscode.git 1826
[2022-06-20 16:20:15.191] [exthost] [warning] [Decorations] CAPPING events from decorations provider vscode.git 1826
[2022-06-20 16:20:20.270] [exthost] [warning] [Decorations] CAPPING events from decorations provider vscode.git 1826
[2022-06-20 16:20:25.365] [exthost] [warning] [Decorations] CAPPING events from decorations provider vscode.git 1826
[2022-06-20 16:20:30.460] [exthost] [warning] [Decorations] CAPPING events from decorations provider vscode.git 1826
[2022-06-20 16:20:35.539] [exthost] [warning] [Decorations] CAPPING events from decorations provider vscode.git 1826
[2022-06-20 16:20:40.612] [exthost] [warning] [Decorations] CAPPING events from decorations provider vscode.git 1826
[2022-06-20 16:20:45.685] [exthost] [warning] [Decorations] CAPPING events from decorations provider vscode.git 1826
[2022-06-20 16:20:51.145] [exthost] [warning] [Decorations] CAPPING events from decorations provider vscode.git 1826
[2022-06-20 16:20:56.241] [exthost] [warning] [Decorations] CAPPING events from decorations provider vscode.git 1826
[2022-06-20 16:21:01.335] [exthost] [warning] [Decorations] CAPPING events from decorations provider vscode.git 1826
[2022-06-20 16:21:06.410] [exthost] [warning] [Decorations] CAPPING events from decorations provider vscode.git 1826
[2022-06-20 16:21:11.502] [exthost] [warning] [Decorations] CAPPING events from decorations provider vscode.git 1826
[2022-06-20 16:21:16.596] [exthost] [warning] [Decorations] CAPPING events from decorations provider vscode.git 1826
[2022-06-20 16:21:21.672] [exthost] [warning] [Decorations] CAPPING events from decorations provider vscode.git 1826
[2022-06-20 16:21:26.743] [exthost] [warning] [Decorations] CAPPING events from decorations provider vscode.git 1826
[2022-06-20 16:21:31.815] [exthost] [warning] [Decorations] CAPPING events from decorations provider vscode.git 1826
[2022-06-20 16:21:36.919] [exthost] [warning] [Decorations] CAPPING events from decorations provider vscode.git 1826
[2022-06-20 16:21:41.997] [exthost] [warning] [Decorations] CAPPING events from decorations provider vscode.git 1826
[2022-06-20 16:23:47.593] [exthost] [warning] [Decorations] CAPPING events from decorations provider vscode.git 1826
[2022-06-20 16:23:52.669] [exthost] [warning] [Decorations] CAPPING events from decorations provider vscode.git 1826
[2022-06-20 16:23:57.747] [exthost] [warning] [Decorations] CAPPING events from decorations provider vscode.git 1826
[2022-06-20 16:24:02.820] [exthost] [warning] [Decorations] CAPPING events from decorations provider vscode.git 1826
[2022-06-20 16:24:39.067] [exthost] [warning] [Decorations] CAPPING events from decorations provider vscode.git 1826
[2022-06-20 16:24:44.171] [exthost] [warning] [Decorations] CAPPING events from decorations provider vscode.git 1826
[2022-06-20 16:24:49.247] [exthost] [warning] [Decorations] CAPPING events from decorations provider vscode.git 1827
[2022-06-20 16:24:54.330] [exthost] [warning] [Decorations] CAPPING events from decorations provider vscode.git 1827
[2022-06-20 16:24:59.406] [exthost] [warning] [Decorations] CAPPING events from decorations provider vscode.git 1827
[2022-06-20 16:25:04.523] [exthost] [warning] [Decorations] CAPPING events from decorations provider vscode.git 1827
[2022-06-20 16:25:09.603] [exthost] [warning] [Decorations] CAPPING events from decorations provider vscode.git 1827
[2022-06-20 16:25:15.053] [exthost] [warning] [Decorations] CAPPING events from decorations provider vscode.git 1827
[2022-06-20 16:27:05.065] [exthost] [warning] [Decorations] CAPPING events from decorations provider vscode.git 1826
[2022-06-20 16:27:10.141] [exthost] [warning] [Decorations] CAPPING events from decorations provider vscode.git 1826
[2022-06-20 16:27:15.216] [exthost] [warning] [Decorations] CAPPING events from decorations provider vscode.git 1826
[2022-06-20 16:27:32.688] [exthost] [warning] [Decorations] CAPPING events from decorations provider vscode.git 1826
[2022-06-20 16:27:37.765] [exthost] [warning] [Decorations] CAPPING events from decorations provider vscode.git 1826
[2022-06-20 16:27:42.871] [exthost] [warning] [Decorations] CAPPING events from decorations provider vscode.git 1826
[2022-06-20 16:28:02.077] [exthost] [warning] [Decorations] CAPPING events from decorations provider vscode.git 1826
[2022-06-20 16:28:07.159] [exthost] [warning] [Decorations] CAPPING events from decorations provider vscode.git 1826
[2022-06-20 16:28:29.284] [exthost] [warning] [Decorations] CAPPING events from decorations provider vscode.git 1826
[2022-06-20 16:28:34.354] [exthost] [warning] [Decorations] CAPPING events from decorations provider vscode.git 1826
[2022-06-20 16:28:39.457] [exthost] [warning] [Decorations] CAPPING events from decorations provider vscode.git 1826
[2022-06-20 16:28:44.536] [exthost] [warning] [Decorations] CAPPING events from decorations provider vscode.git 1826
[2022-06-20 16:28:49.615] [exthost] [warning] [Decorations] CAPPING events from decorations provider vscode.git 1826
[2022-06-20 16:28:54.718] [exthost] [warning] [Decorations] CAPPING events from decorations provider vscode.git 1826
[2022-06-20 16:28:59.799] [exthost] [warning] [Decorations] CAPPING events from decorations provider vscode.git 1826
[2022-06-20 16:29:04.893] [exthost] [warning] [Decorations] CAPPING events from decorations provider vscode.git 1826
[2022-06-20 16:29:09.990] [exthost] [warning] [Decorations] CAPPING events from decorations provider vscode.git 1826
[2022-06-20 16:29:15.086] [exthost] [warning] [Decorations] CAPPING events from decorations provider vscode.git 1826
[2022-06-20 16:29:20.188] [exthost] [warning] [Decorations] CAPPING events from decorations provider vscode.git 1826
[2022-06-20 16:29:25.296] [exthost] [warning] [Decorations] CAPPING events from decorations provider vscode.git 1826
[2022-06-20 16:29:30.376] [exthost] [warning] [Decorations] CAPPING events from decorations provider vscode.git 1826
[2022-06-20 16:29:35.468] [exthost] [warning] [Decorations] CAPPING events from decorations provider vscode.git 1826
[2022-06-20 16:29:40.562] [exthost] [warning] [Decorations] CAPPING events from decorations provider vscode.git 1826
[2022-06-20 16:29:45.638] [exthost] [warning] [Decorations] CAPPING events from decorations provider vscode.git 1826
[2022-06-20 16:29:50.745] [exthost] [warning] [Decorations] CAPPING events from decorations provider vscode.git 1826
[2022-06-20 16:29:55.822] [exthost] [warning] [Decorations] CAPPING events from decorations provider vscode.git 1826
[2022-06-20 16:30:00.898] [exthost] [warning] [Decorations] CAPPING events from decorations provider vscode.git 1826
[2022-06-20 16:30:05.991] [exthost] [warning] [Decorations] CAPPING events from decorations provider vscode.git 1826
[2022-06-20 16:30:11.086] [exthost] [warning] [Decorations] CAPPING events from decorations provider vscode.git 1826
[2022-06-20 16:30:16.182] [exthost] [warning] [Decorations] CAPPING events from decorations provider vscode.git 1826
[2022-06-20 16:30:21.275] [exthost] [warning] [Decorations] CAPPING events from decorations provider vscode.git 1826
[2022-06-20 16:30:26.372] [exthost] [warning] [Decorations] CAPPING events from decorations provider vscode.git 1826
[2022-06-20 16:30:31.465] [exthost] [warning] [Decorations] CAPPING events from decorations provider vscode.git 1826
[2022-06-20 16:30:36.572] [exthost] [warning] [Decorations] CAPPING events from decorations provider vscode.git 1826
[2022-06-20 16:30:50.334] [exthost] [warning] [Decorations] CAPPING events from decorations provider vscode.git 1826
[2022-06-20 16:30:55.441] [exthost] [warning] [Decorations] CAPPING events from decorations provider vscode.git 1826
[2022-06-20 16:31:00.529] [exthost] [warning] [Decorations] CAPPING events from decorations provider vscode.git 1826
[2022-06-20 16:31:05.611] [exthost] [warning] [Decorations] CAPPING events from decorations provider vscode.git 1826
[2022-06-20 16:31:10.707] [exthost] [warning] [Decorations] CAPPING events from decorations provider vscode.git 1826
[2022-06-20 16:31:15.800] [exthost] [warning] [Decorations] CAPPING events from decorations provider vscode.git 1826
[2022-06-20 16:31:20.898] [exthost] [warning] [Decorations] CAPPING events from decorations provider vscode.git 1826
[2022-06-20 16:31:25.995] [exthost] [warning] [Decorations] CAPPING events from decorations provider vscode.git 1826
[2022-06-20 16:31:31.112] [exthost] [warning] [Decorations] CAPPING events from decorations provider vscode.git 1826
[2022-06-20 16:31:36.192] [exthost] [warning] [Decorations] CAPPING events from decorations provider vscode.git 1826
[2022-06-20 16:31:41.300] [exthost] [warning] [Decorations] CAPPING events from decorations provider vscode.git 1826
[2022-06-20 16:31:46.381] [exthost] [warning] [Decorations] CAPPING events from decorations provider vscode.git 1826
[2022-06-20 16:31:51.474] [exthost] [warning] [Decorations] CAPPING events from decorations provider vscode.git 1826
[2022-06-20 16:31:56.576] [exthost] [warning] [Decorations] CAPPING events from decorations provider vscode.git 1826
[2022-06-20 16:32:01.659] [exthost] [warning] [Decorations] CAPPING events from decorations provider vscode.git 1826
[2022-06-20 16:32:06.757] [exthost] [warning] [Decorations] CAPPING events from decorations provider vscode.git 1826
[2022-06-20 16:32:11.853] [exthost] [warning] [Decorations] CAPPING events from decorations provider vscode.git 1826
[2022-06-20 16:33:18.709] [exthost] [warning] [Decorations] CAPPING events from decorations provider vscode.git 1826
[2022-06-20 16:33:23.783] [exthost] [warning] [Decorations] CAPPING events from decorations provider vscode.git 1826
[2022-06-20 16:33:28.861] [exthost] [warning] [Decorations] CAPPING events from decorations provider vscode.git 1826
[2022-06-20 16:33:33.940] [exthost] [warning] [Decorations] CAPPING events from decorations provider vscode.git 1826
[2022-06-20 16:33:39.035] [exthost] [warning] [Decorations] CAPPING events from decorations provider vscode.git 1826
[2022-06-20 16:33:44.134] [exthost] [warning] [Decorations] CAPPING events from decorations provider vscode.git 1826
[2022-06-20 16:33:49.219] [exthost] [warning] [Decorations] CAPPING events from decorations provider vscode.git 1826
[2022-06-20 16:33:54.298] [exthost] [warning] [Decorations] CAPPING events from decorations provider vscode.git 1826
[2022-06-20 16:33:59.392] [exthost] [warning] [Decorations] CAPPING events from decorations provider vscode.git 1826
[2022-06-20 16:34:04.494] [exthost] [warning] [Decorations] CAPPING events from decorations provider vscode.git 1826
[2022-06-20 16:34:09.572] [exthost] [warning] [Decorations] CAPPING events from decorations provider vscode.git 1826
[2022-06-20 16:34:14.680] [exthost] [warning] [Decorations] CAPPING events from decorations provider vscode.git 1826
[2022-06-20 16:34:19.757] [exthost] [warning] [Decorations] CAPPING events from decorations provider vscode.git 1826
[2022-06-20 16:34:24.834] [exthost] [warning] [Decorations] CAPPING events from decorations provider vscode.git 1826
[2022-06-20 16:34:29.938] [exthost] [warning] [Decorations] CAPPING events from decorations provider vscode.git 1826
[2022-06-20 16:34:35.014] [exthost] [warning] [Decorations] CAPPING events from decorations provider vscode.git 1826
[2022-06-20 16:34:40.103] [exthost] [warning] [Decorations] CAPPING events from decorations provider vscode.git 1826
[2022-06-20 16:34:45.180] [exthost] [warning] [Decorations] CAPPING events from decorations provider vscode.git 1826
[2022-06-20 16:34:50.287] [exthost] [warning] [Decorations] CAPPING events from decorations provider vscode.git 1826
[2022-06-20 16:34:55.368] [exthost] [warning] [Decorations] CAPPING events from decorations provider vscode.git 1826
[2022-06-20 16:35:00.448] [exthost] [warning] [Decorations] CAPPING events from decorations provider vscode.git 1826
[2022-06-20 16:35:05.543] [exthost] [warning] [Decorations] CAPPING events from decorations provider vscode.git 1826
[2022-06-20 16:35:10.640] [exthost] [warning] [Decorations] CAPPING events from decorations provider vscode.git 1826
[2022-06-20 16:35:15.721] [exthost] [warning] [Decorations] CAPPING events from decorations provider vscode.git 1826
[2022-06-20 16:35:20.809] [exthost] [warning] [Decorations] CAPPING events from decorations provider vscode.git 1826
[2022-06-20 16:35:25.917] [exthost] [warning] [Decorations] CAPPING events from decorations provider vscode.git 1826
[2022-06-20 16:35:30.995] [exthost] [warning] [Decorations] CAPPING events from decorations provider vscode.git 1826
[2022-06-20 16:35:36.073] [exthost] [warning] [Decorations] CAPPING events from decorations provider vscode.git 1826
[2022-06-20 16:35:41.180] [exthost] [warning] [Decorations] CAPPING events from decorations provider vscode.git 1826
[2022-06-20 16:35:46.260] [exthost] [warning] [Decorations] CAPPING events from decorations provider vscode.git 1826
[2022-06-20 16:35:51.336] [exthost] [warning] [Decorations] CAPPING events from decorations provider vscode.git 1826
[2022-06-20 16:35:56.414] [exthost] [warning] [Decorations] CAPPING events from decorations provider vscode.git 1826
[2022-06-20 16:36:01.509] [exthost] [warning] [Decorations] CAPPING events from decorations provider vscode.git 1826
[2022-06-20 16:36:06.609] [exthost] [warning] [Decorations] CAPPING events from decorations provider vscode.git 1826
[2022-06-20 16:36:11.699] [exthost] [warning] [Decorations] CAPPING events from decorations provider vscode.git 1826
[2022-06-20 16:36:16.796] [exthost] [warning] [Decorations] CAPPING events from decorations provider vscode.git 1826
[2022-06-20 16:36:21.873] [exthost] [warning] [Decorations] CAPPING events from decorations provider vscode.git 1826
[2022-06-20 16:36:27.299] [exthost] [warning] [Decorations] CAPPING events from decorations provider vscode.git 1826
[2022-06-20 16:36:32.382] [exthost] [warning] [Decorations] CAPPING events from decorations provider vscode.git 1826
[2022-06-20 16:36:37.476] [exthost] [warning] [Decorations] CAPPING events from decorations provider vscode.git 1826
[2022-06-20 16:36:42.573] [exthost] [warning] [Decorations] CAPPING events from decorations provider vscode.git 1826
[2022-06-20 16:36:47.648] [exthost] [warning] [Decorations] CAPPING events from decorations provider vscode.git 1826
[2022-06-20 16:36:52.738] [exthost] [warning] [Decorations] CAPPING events from decorations provider vscode.git 1826
[2022-06-20 16:36:57.831] [exthost] [warning] [Decorations] CAPPING events from decorations provider vscode.git 1826
[2022-06-20 16:37:02.909] [exthost] [warning] [Decorations] CAPPING events from decorations provider vscode.git 1826
[2022-06-20 16:37:08.002] [exthost] [warning] [Decorations] CAPPING events from decorations provider vscode.git 1826
[2022-06-20 16:37:13.099] [exthost] [warning] [Decorations] CAPPING events from decorations provider vscode.git 1826
[2022-06-20 16:37:30.781] [exthost] [warning] [Decorations] CAPPING events from decorations provider vscode.git 1826
[2022-06-20 16:37:35.859] [exthost] [warning] [Decorations] CAPPING events from decorations provider vscode.git 1826
[2022-06-20 16:37:40.958] [exthost] [warning] [Decorations] CAPPING events from decorations provider vscode.git 1826
[2022-06-20 16:37:46.055] [exthost] [warning] [Decorations] CAPPING events from decorations provider vscode.git 1826
[2022-06-20 16:37:51.133] [exthost] [warning] [Decorations] CAPPING events from decorations provider vscode.git 1826
[2022-06-20 16:37:56.215] [exthost] [warning] [Decorations] CAPPING events from decorations provider vscode.git 1826
[2022-06-20 16:38:01.299] [exthost] [warning] [Decorations] CAPPING events from decorations provider vscode.git 1826
[2022-06-20 16:38:06.409] [exthost] [warning] [Decorations] CAPPING events from decorations provider vscode.git 1826
[2022-06-20 16:38:11.488] [exthost] [warning] [Decorations] CAPPING events from decorations provider vscode.git 1826
[2022-06-20 16:38:16.563] [exthost] [warning] [Decorations] CAPPING events from decorations provider vscode.git 1826
[2022-06-20 16:38:21.636] [exthost] [warning] [Decorations] CAPPING events from decorations provider vscode.git 1826
[2022-06-20 16:38:26.735] [exthost] [warning] [Decorations] CAPPING events from decorations provider vscode.git 1826
[2022-06-20 16:38:31.827] [exthost] [warning] [Decorations] CAPPING events from decorations provider vscode.git 1826
[2022-06-20 16:38:36.919] [exthost] [warning] [Decorations] CAPPING events from decorations provider vscode.git 1826
[2022-06-20 16:38:42.017] [exthost] [warning] [Decorations] CAPPING events from decorations provider vscode.git 1826
[2022-06-20 16:38:47.091] [exthost] [warning] [Decorations] CAPPING events from decorations provider vscode.git 1826
[2022-06-20 16:38:53.524] [exthost] [warning] [Decorations] CAPPING events from decorations provider vscode.git 1826
[2022-06-20 16:38:58.621] [exthost] [warning] [Decorations] CAPPING events from decorations provider vscode.git 1826
