[2022-06-20T05:31:43.878Z] Log level: Info
[2022-06-20T05:31:43.881Z] [info] Validating found git in: git
[2022-06-20T05:31:43.922Z] [info] Using git 2.34.1 from git
[2022-06-20T05:31:43.976Z] > git rev-parse --show-toplevel [39ms]
[2022-06-20T05:31:43.976Z] fatal: not a git repository (or any of the parent directories): .git
[2022-06-20T05:31:43.988Z] > git rev-parse --show-toplevel [4ms]
[2022-06-20T05:31:43.988Z] fatal: not a git repository (or any of the parent directories): .git
[2022-06-20T05:31:43.995Z] > git rev-parse --show-toplevel [2ms]
[2022-06-20T05:31:43.995Z] fatal: not a git repository (or any of the parent directories): .git
[2022-06-20T05:31:44.000Z] > git rev-parse --show-toplevel [1ms]
[2022-06-20T05:31:44.000Z] fatal: not a git repository (or any of the parent directories): .git
[2022-06-20T05:31:44.009Z] > git rev-parse --show-toplevel [5ms]
[2022-06-20T05:31:44.015Z] > git rev-parse --git-dir --git-common-dir [1ms]
[2022-06-20T05:31:44.023Z] [info] Open repository: /home/ubuntu/php-todo
[2022-06-20T05:31:44.037Z] > git rev-parse --show-toplevel [2ms]
[2022-06-20T05:31:44.042Z] > git rev-parse --git-dir --git-common-dir [1ms]
[2022-06-20T05:31:44.045Z] [info] Open repository: /home/ubuntu/tooling
[2022-06-20T05:31:44.102Z] > git status -z -uall [71ms]
[2022-06-20T05:31:44.111Z] > git symbolic-ref --short HEAD [3ms]
[2022-06-20T05:31:44.141Z] > git for-each-ref --format=%(refname)%00%(upstream:short)%00%(objectname)%00%(upstream:track)%00%(upstream:remotename)%00%(upstream:remoteref) refs/heads/main refs/remotes/main [18ms]
[2022-06-20T05:31:44.157Z] > git for-each-ref --sort -committerdate --format %(refname) %(objectname) %(*objectname) [12ms]
[2022-06-20T05:31:44.168Z] > git status -z -uall [119ms]
[2022-06-20T05:31:44.173Z] > git remote --verbose [21ms]
[2022-06-20T05:31:44.182Z] > git symbolic-ref --short HEAD [10ms]
[2022-06-20T05:31:44.188Z] > git for-each-ref --format=%(refname)%00%(upstream:short)%00%(objectname)%00%(upstream:track)%00%(upstream:remotename)%00%(upstream:remoteref) refs/heads/master refs/remotes/master [2ms]
[2022-06-20T05:31:44.197Z] > git config --get commit.template [15ms]
[2022-06-20T05:31:44.199Z] > git remote --verbose [3ms]
[2022-06-20T05:31:44.199Z] > git for-each-ref --sort -committerdate --format %(refname) %(objectname) %(*objectname) [6ms]
[2022-06-20T05:31:44.207Z] > git config --get commit.template [1ms]
[2022-06-20T05:31:44.797Z] > git check-ignore -v -z --stdin [5ms]
[2022-06-20T05:31:44.798Z] > git check-ignore -v -z --stdin [2ms]
[2022-06-20T05:31:46.916Z] > git rev-parse --show-toplevel [2ms]
[2022-06-20T05:31:46.916Z] fatal: not a git repository (or any of the parent directories): .git
[2022-06-20T05:31:46.931Z] > git rev-parse --show-toplevel [2ms]
[2022-06-20T05:31:46.931Z] fatal: not a git repository (or any of the parent directories): .git
[2022-06-20T05:31:46.954Z] > git rev-parse --show-toplevel [8ms]
[2022-06-20T05:31:46.954Z] fatal: not a git repository (or any of the parent directories): .git
[2022-06-20T05:31:46.961Z] > git rev-parse --show-toplevel [1ms]
[2022-06-20T05:31:46.961Z] fatal: not a git repository (or any of the parent directories): .git
[2022-06-20T05:31:46.966Z] > git rev-parse --show-toplevel [1ms]
[2022-06-20T05:31:46.966Z] fatal: not a git repository (or any of the parent directories): .git
[2022-06-20T05:31:53.721Z] > git check-ignore -v -z --stdin [1ms]
[2022-06-20T05:32:03.196Z] > git check-ignore -v -z --stdin [1ms]
[2022-06-20T05:32:24.119Z] > git show --textconv :.env [5ms]
[2022-06-20T05:32:24.120Z] > git ls-files --stage -- /home/ubuntu/php-todo/.env [2ms]
[2022-06-20T05:32:34.727Z] > git show --textconv :.env.sample [6ms]
[2022-06-20T05:32:34.728Z] > git ls-files --stage -- /home/ubuntu/php-todo/.env.sample [2ms]
[2022-06-20T05:32:34.732Z] > git cat-file -s 1c39502a553fa9b10b5be8d13e014d21babb9647 [1ms]
[2022-06-20T05:32:48.407Z] > git show --textconv :tooling.yaml [4ms]
[2022-06-20T05:32:48.408Z] > git ls-files --stage -- /home/ubuntu/php-todo/tooling.yaml [2ms]
[2022-06-20T05:36:10.475Z] > git status -z -uall [4ms]
[2022-06-20T05:36:10.479Z] > git symbolic-ref --short HEAD [1ms]
[2022-06-20T05:36:10.484Z] > git for-each-ref --format=%(refname)%00%(upstream:short)%00%(objectname)%00%(upstream:track)%00%(upstream:remotename)%00%(upstream:remoteref) refs/heads/main refs/remotes/main [2ms]
[2022-06-20T05:36:10.491Z] > git for-each-ref --sort -committerdate --format %(refname) %(objectname) %(*objectname) [4ms]
[2022-06-20T05:36:10.492Z] > git remote --verbose [1ms]
[2022-06-20T05:36:10.501Z] > git config --get commit.template [1ms]
[2022-06-20T05:39:57.664Z] > git status -z -uall [4ms]
[2022-06-20T05:39:57.668Z] > git symbolic-ref --short HEAD [1ms]
[2022-06-20T05:39:57.673Z] > git for-each-ref --format=%(refname)%00%(upstream:short)%00%(objectname)%00%(upstream:track)%00%(upstream:remotename)%00%(upstream:remoteref) refs/heads/main refs/remotes/main [1ms]
[2022-06-20T05:39:57.680Z] > git for-each-ref --sort -committerdate --format %(refname) %(objectname) %(*objectname) [4ms]
[2022-06-20T05:39:57.680Z] > git remote --verbose [1ms]
[2022-06-20T05:39:57.687Z] > git config --get commit.template [1ms]
[2022-06-20T05:40:08.545Z] > git check-ignore -v -z --stdin [1ms]
[2022-06-20T05:40:24.387Z] > git check-ignore -v -z --stdin [1ms]
[2022-06-20T05:40:50.691Z] > git show --textconv :config/database.php [4ms]
[2022-06-20T05:40:50.692Z] > git ls-files --stage -- /home/ubuntu/php-todo/config/database.php [1ms]
[2022-06-20T05:40:50.698Z] > git cat-file -s edd64256000f0e34948b976972f5cc4863d9ad2d [2ms]
[2022-06-20T05:45:25.203Z] > git show --textconv :.env [5ms]
[2022-06-20T05:45:25.204Z] > git ls-files --stage -- /home/ubuntu/php-todo/.env [2ms]
[2022-06-20T05:45:43.479Z] > git show --textconv :config/database.php [5ms]
[2022-06-20T05:45:43.480Z] > git ls-files --stage -- /home/ubuntu/php-todo/config/database.php [2ms]
[2022-06-20T05:45:43.485Z] > git cat-file -s edd64256000f0e34948b976972f5cc4863d9ad2d [1ms]
[2022-06-20T05:46:22.749Z] > git show --textconv :.env [5ms]
[2022-06-20T05:46:22.751Z] > git ls-files --stage -- /home/ubuntu/php-todo/.env [3ms]
[2022-06-20T05:46:27.057Z] > git status -z -uall [3ms]
[2022-06-20T05:46:27.062Z] > git symbolic-ref --short HEAD [1ms]
[2022-06-20T05:46:27.067Z] > git for-each-ref --format=%(refname)%00%(upstream:short)%00%(objectname)%00%(upstream:track)%00%(upstream:remotename)%00%(upstream:remoteref) refs/heads/main refs/remotes/main [2ms]
[2022-06-20T05:46:27.075Z] > git for-each-ref --sort -committerdate --format %(refname) %(objectname) %(*objectname) [5ms]
[2022-06-20T05:46:27.075Z] > git remote --verbose [1ms]
[2022-06-20T05:46:27.081Z] > git config --get commit.template [1ms]
[2022-06-20T05:51:56.420Z] > git status -z -uall [4ms]
[2022-06-20T05:51:56.425Z] > git symbolic-ref --short HEAD [1ms]
[2022-06-20T05:51:56.429Z] > git for-each-ref --format=%(refname)%00%(upstream:short)%00%(objectname)%00%(upstream:track)%00%(upstream:remotename)%00%(upstream:remoteref) refs/heads/main refs/remotes/main [1ms]
[2022-06-20T05:51:56.437Z] > git for-each-ref --sort -committerdate --format %(refname) %(objectname) %(*objectname) [4ms]
[2022-06-20T05:51:56.437Z] > git remote --verbose [1ms]
[2022-06-20T05:51:56.445Z] > git config --get commit.template [2ms]
